#! /home/lrocarom/Documents/MASTER_HPC/Q1/PROCESSOR_ARCHITECTURE/PRACTIQUES/iverilog_v12_0/install/bin/vvp
:ivl_version "13.0 (devel)" "(s20250103-68-g1fdeb7b98)";
:ivl_delay_selection "TYPICAL";
:vpi_time_precision + 0;
:vpi_module "/home/lrocarom/Documents/MASTER_HPC/Q1/PROCESSOR_ARCHITECTURE/PRACTIQUES/iverilog_v12_0/install/lib/ivl/system.vpi";
:vpi_module "/home/lrocarom/Documents/MASTER_HPC/Q1/PROCESSOR_ARCHITECTURE/PRACTIQUES/iverilog_v12_0/install/lib/ivl/vhdl_sys.vpi";
:vpi_module "/home/lrocarom/Documents/MASTER_HPC/Q1/PROCESSOR_ARCHITECTURE/PRACTIQUES/iverilog_v12_0/install/lib/ivl/vhdl_textio.vpi";
:vpi_module "/home/lrocarom/Documents/MASTER_HPC/Q1/PROCESSOR_ARCHITECTURE/PRACTIQUES/iverilog_v12_0/install/lib/ivl/v2005_math.vpi";
:vpi_module "/home/lrocarom/Documents/MASTER_HPC/Q1/PROCESSOR_ARCHITECTURE/PRACTIQUES/iverilog_v12_0/install/lib/ivl/va_math.vpi";
S_0x299206d0 .scope module, "tb" "tb" 2 4;
 .timescale 0 0;
v0x29933580_0 .var "A", 0 0;
v0x29933620_0 .var "B", 0 0;
v0x299336f0_0 .net "out", 0 0, L_0x299337f0;  1 drivers
S_0x29920860 .scope module, "dut" "and_gate" 2 16, 3 3 0, S_0x299206d0;
 .timescale 0 0;
    .port_info 0 /OUTPUT 1 "out";
    .port_info 1 /INPUT 1 "a";
    .port_info 2 /INPUT 1 "b";
L_0x299337f0 .functor AND 1, v0x29933580_0, v0x29933620_0, C4<1>, C4<1>;
v0x29920ab0_0 .net "a", 0 0, v0x29933580_0;  1 drivers
v0x299333a0_0 .net "b", 0 0, v0x29933620_0;  1 drivers
v0x29933460_0 .net "out", 0 0, L_0x299337f0;  alias, 1 drivers
    .scope S_0x299206d0;
T_0 ;
    %pushi/vec4 0, 0, 1;
    %store/vec4 v0x29933580_0, 0, 1;
    %pushi/vec4 0, 0, 1;
    %store/vec4 v0x29933620_0, 0, 1;
    %delay 10, 0;
    %vpi_call 2 28 "$display", "A=%b B=%b Output=%b", v0x29933580_0, v0x29933620_0, v0x299336f0_0 {0 0 0};
    %pushi/vec4 0, 0, 1;
    %store/vec4 v0x29933580_0, 0, 1;
    %pushi/vec4 1, 0, 1;
    %store/vec4 v0x29933620_0, 0, 1;
    %delay 10, 0;
    %vpi_call 2 34 "$display", "A=%b B=%d Output=%b", v0x29933580_0, v0x29933620_0, v0x299336f0_0 {0 0 0};
    %pushi/vec4 1, 0, 1;
    %store/vec4 v0x29933580_0, 0, 1;
    %pushi/vec4 0, 0, 1;
    %store/vec4 v0x29933620_0, 0, 1;
    %delay 10, 0;
    %vpi_call 2 40 "$display", "A=%b B=%b Output=%b", v0x29933580_0, v0x29933620_0, v0x299336f0_0 {0 0 0};
    %pushi/vec4 1, 0, 1;
    %store/vec4 v0x29933580_0, 0, 1;
    %pushi/vec4 1, 0, 1;
    %store/vec4 v0x29933620_0, 0, 1;
    %delay 10, 0;
    %vpi_call 2 46 "$display", "A=%b B=%b Output=%b", v0x29933580_0, v0x29933620_0, v0x299336f0_0 {0 0 0};
    %vpi_call 2 49 "$finish" {0 0 0};
    %end;
    .thread T_0;
# The file index is used to find the file name in the following table.
:file_names 4;
    "N/A";
    "<interactive>";
    "tb/check_code.v";
    "src/dut.v";
